<?xml version="1.0" encoding="UTF-8"?>
<robot generator="Robot 6.0 (Python 3.8.10 on linux)" generated="20221024 14:50:19.812" rpa="false" schemaversion="3">
<suite id="s1" name="Login" source="/home/dls/Pyhon-Robot-Test-Automation/Login.robot">
<test id="s1-t1" name="Successful Login" line="18">
<kw name="Open Browser" library="SeleniumLibrary">
<arg>${SERVER URL}</arg>
<arg>${BROWSER}</arg>
<doc>Opens a new browser instance to the optional ``url``.</doc>
<msg timestamp="20221024 14:50:19.969" level="INFO">Opening browser 'Firefox' to base url 'https://www.saucedemo.com/'.</msg>
<msg timestamp="20221024 14:50:19.970" level="INFO">Firefox driver log is always forced to to: /home/dls/Pyhon-Robot-Test-Automation/results/geckodriver-48.log</msg>
<status status="PASS" starttime="20221024 14:50:19.968" endtime="20221024 14:50:23.814"/>
</kw>
<kw name="Wait Until Element Is Visible" library="SeleniumLibrary">
<arg>${USER_NAME_FIELD}</arg>
<arg>timeout=5</arg>
<doc>Waits until the element ``locator`` is visible.</doc>
<status status="PASS" starttime="20221024 14:50:23.815" endtime="20221024 14:50:23.860"/>
</kw>
<kw name="Input Text" library="SeleniumLibrary">
<arg>${USERNAME_FIELD}</arg>
<arg>${CORRECT_USERNAME}</arg>
<doc>Types the given ``text`` into the text field identified by ``locator``.</doc>
<msg timestamp="20221024 14:50:23.861" level="INFO">Typing text 'standard_user' into text field 'id:user-name'.</msg>
<status status="PASS" starttime="20221024 14:50:23.861" endtime="20221024 14:50:23.933"/>
</kw>
<kw name="Input Password" library="SeleniumLibrary">
<arg>${PASSWORD_FIELD}</arg>
<arg>${CORRECT_PASSWORD}</arg>
<doc>Types the given password into the text field identified by ``locator``.</doc>
<msg timestamp="20221024 14:50:23.934" level="INFO">Typing password into text field 'id:password'.</msg>
<msg timestamp="20221024 14:50:23.943" level="INFO">Temporally setting log level to: NONE</msg>
<msg timestamp="20221024 14:50:23.974" level="INFO">Log level changed from NONE to INFO.</msg>
<status status="PASS" starttime="20221024 14:50:23.933" endtime="20221024 14:50:23.974"/>
</kw>
<kw name="Click Element" library="SeleniumLibrary">
<arg>${LOGIN_BUTTON}</arg>
<doc>Click the element identified by ``locator``.</doc>
<msg timestamp="20221024 14:50:23.976" level="INFO">Clicking element 'id:login-button'.</msg>
<status status="PASS" starttime="20221024 14:50:23.975" endtime="20221024 14:50:24.266"/>
</kw>
<kw name="Element Should Be Visible" library="SeleniumLibrary">
<arg>${TITLE}</arg>
<arg>timeout=5</arg>
<doc>Verifies that the element identified by ``locator`` is visible.</doc>
<msg timestamp="20221024 14:50:24.318" level="INFO">Element 'xpath:/html/body/div/div/div/div[1]/div[2]/span' is displayed.</msg>
<status status="PASS" starttime="20221024 14:50:24.266" endtime="20221024 14:50:24.318"/>
</kw>
<kw name="Close Browser" library="SeleniumLibrary">
<doc>Closes the current browser.</doc>
<status status="PASS" starttime="20221024 14:50:24.319" endtime="20221024 14:50:24.950"/>
</kw>
<doc>This test case verifies that user is able to successfully Login</doc>
<status status="PASS" starttime="20221024 14:50:19.967" endtime="20221024 14:50:24.950"/>
</test>
<test id="s1-t2" name="Blocked Login" line="28">
<kw name="Open Browser" library="SeleniumLibrary">
<arg>${SERVER URL}</arg>
<arg>${BROWSER}</arg>
<doc>Opens a new browser instance to the optional ``url``.</doc>
<msg timestamp="20221024 14:50:24.953" level="INFO">Opening browser 'Firefox' to base url 'https://www.saucedemo.com/'.</msg>
<msg timestamp="20221024 14:50:24.954" level="INFO">Firefox driver log is always forced to to: /home/dls/Pyhon-Robot-Test-Automation/results/geckodriver-49.log</msg>
<status status="PASS" starttime="20221024 14:50:24.952" endtime="20221024 14:50:28.088"/>
</kw>
<kw name="Wait Until Element Is Visible" library="SeleniumLibrary">
<arg>${USERNAME_FIELD}</arg>
<arg>timeout=5</arg>
<doc>Waits until the element ``locator`` is visible.</doc>
<status status="PASS" starttime="20221024 14:50:28.089" endtime="20221024 14:50:28.136"/>
</kw>
<kw name="Input Text" library="SeleniumLibrary">
<arg>${USERNAME_FIELD}</arg>
<arg>${BLOCKED_USERNAME}</arg>
<doc>Types the given ``text`` into the text field identified by ``locator``.</doc>
<msg timestamp="20221024 14:50:28.137" level="INFO">Typing text 'locked_out_user' into text field 'id:user-name'.</msg>
<status status="PASS" starttime="20221024 14:50:28.136" endtime="20221024 14:50:28.228"/>
</kw>
<kw name="Input Password" library="SeleniumLibrary">
<arg>${PASSWORD_FIELD}</arg>
<arg>${CORRECT_PASSWORD}</arg>
<doc>Types the given password into the text field identified by ``locator``.</doc>
<msg timestamp="20221024 14:50:28.230" level="INFO">Typing password into text field 'id:password'.</msg>
<msg timestamp="20221024 14:50:28.243" level="INFO">Temporally setting log level to: NONE</msg>
<msg timestamp="20221024 14:50:28.285" level="INFO">Log level changed from NONE to INFO.</msg>
<status status="PASS" starttime="20221024 14:50:28.229" endtime="20221024 14:50:28.285"/>
</kw>
<kw name="Click Element" library="SeleniumLibrary">
<arg>${LOGIN_BUTTON}</arg>
<doc>Click the element identified by ``locator``.</doc>
<msg timestamp="20221024 14:50:28.286" level="INFO">Clicking element 'id:login-button'.</msg>
<status status="PASS" starttime="20221024 14:50:28.285" endtime="20221024 14:50:28.538"/>
</kw>
<kw name="Element Should Be Visible" library="SeleniumLibrary">
<arg>${BLOCKED_ERROR}</arg>
<arg>timeout=5</arg>
<doc>Verifies that the element identified by ``locator`` is visible.</doc>
<msg timestamp="20221024 14:50:28.566" level="INFO">Element 'xpath:/html/body/div/div/div[2]/div[1]/div[1]/div/form/div[3]/h3' is displayed.</msg>
<status status="PASS" starttime="20221024 14:50:28.538" endtime="20221024 14:50:28.566"/>
</kw>
<kw name="Close Browser" library="SeleniumLibrary">
<doc>Closes the current browser.</doc>
<status status="PASS" starttime="20221024 14:50:28.567" endtime="20221024 14:50:29.186"/>
</kw>
<doc>This test case verifies that user is not able to successfully Login if he is blocked</doc>
<status status="PASS" starttime="20221024 14:50:24.951" endtime="20221024 14:50:29.186"/>
</test>
<test id="s1-t3" name="Incorrect Username Login" line="38">
<kw name="Open Browser" library="SeleniumLibrary">
<arg>${SERVER URL}</arg>
<arg>${BROWSER}</arg>
<doc>Opens a new browser instance to the optional ``url``.</doc>
<msg timestamp="20221024 14:50:29.188" level="INFO">Opening browser 'Firefox' to base url 'https://www.saucedemo.com/'.</msg>
<msg timestamp="20221024 14:50:29.189" level="INFO">Firefox driver log is always forced to to: /home/dls/Pyhon-Robot-Test-Automation/results/geckodriver-50.log</msg>
<status status="PASS" starttime="20221024 14:50:29.188" endtime="20221024 14:50:32.501"/>
</kw>
<kw name="Wait Until Element Is Visible" library="SeleniumLibrary">
<arg>${USERNAME_FIELD}</arg>
<arg>timeout=5</arg>
<doc>Waits until the element ``locator`` is visible.</doc>
<status status="PASS" starttime="20221024 14:50:32.502" endtime="20221024 14:50:32.557"/>
</kw>
<kw name="Input Text" library="SeleniumLibrary">
<arg>${USERNAME_FIELD}</arg>
<arg>${CORRECT_USERNAME}</arg>
<doc>Types the given ``text`` into the text field identified by ``locator``.</doc>
<msg timestamp="20221024 14:50:32.558" level="INFO">Typing text 'standard_user' into text field 'id:user-name'.</msg>
<status status="PASS" starttime="20221024 14:50:32.558" endtime="20221024 14:50:32.633"/>
</kw>
<kw name="Input Password" library="SeleniumLibrary">
<arg>${PASSWORD_FIELD}</arg>
<arg>test_password</arg>
<doc>Types the given password into the text field identified by ``locator``.</doc>
<msg timestamp="20221024 14:50:32.633" level="INFO">Typing password into text field 'id:password'.</msg>
<msg timestamp="20221024 14:50:32.649" level="INFO">Temporally setting log level to: NONE</msg>
<msg timestamp="20221024 14:50:32.685" level="INFO">Log level changed from NONE to INFO.</msg>
<status status="PASS" starttime="20221024 14:50:32.633" endtime="20221024 14:50:32.685"/>
</kw>
<kw name="Click Element" library="SeleniumLibrary">
<arg>${LOGIN_BUTTON}</arg>
<doc>Click the element identified by ``locator``.</doc>
<msg timestamp="20221024 14:50:32.686" level="INFO">Clicking element 'id:login-button'.</msg>
<status status="PASS" starttime="20221024 14:50:32.685" endtime="20221024 14:50:32.931"/>
</kw>
<kw name="Element Should Be Visible" library="SeleniumLibrary">
<arg>${BLOCKED_ERROR}</arg>
<arg>timeout=5</arg>
<doc>Verifies that the element identified by ``locator`` is visible.</doc>
<msg timestamp="20221024 14:50:32.958" level="INFO">Element 'xpath:/html/body/div/div/div[2]/div[1]/div[1]/div/form/div[3]/h3' is displayed.</msg>
<status status="PASS" starttime="20221024 14:50:32.932" endtime="20221024 14:50:32.958"/>
</kw>
<kw name="Close Browser" library="SeleniumLibrary">
<doc>Closes the current browser.</doc>
<status status="PASS" starttime="20221024 14:50:32.958" endtime="20221024 14:50:33.554"/>
</kw>
<doc>This test case verifies that user is not able to successfully Login with wrong username</doc>
<status status="PASS" starttime="20221024 14:50:29.187" endtime="20221024 14:50:33.554"/>
</test>
<test id="s1-t4" name="Incorrect Password Login" line="48">
<kw name="Open Browser" library="SeleniumLibrary">
<arg>${SERVER URL}</arg>
<arg>${BROWSER}</arg>
<doc>Opens a new browser instance to the optional ``url``.</doc>
<msg timestamp="20221024 14:50:33.556" level="INFO">Opening browser 'Firefox' to base url 'https://www.saucedemo.com/'.</msg>
<msg timestamp="20221024 14:50:33.556" level="INFO">Firefox driver log is always forced to to: /home/dls/Pyhon-Robot-Test-Automation/results/geckodriver-51.log</msg>
<status status="PASS" starttime="20221024 14:50:33.555" endtime="20221024 14:50:36.621"/>
</kw>
<kw name="Wait Until Element Is Visible" library="SeleniumLibrary">
<arg>${USERNAME_FIELD}</arg>
<arg>timeout=5</arg>
<doc>Waits until the element ``locator`` is visible.</doc>
<status status="PASS" starttime="20221024 14:50:36.622" endtime="20221024 14:50:36.668"/>
</kw>
<kw name="Input Text" library="SeleniumLibrary">
<arg>${USERNAME_FIELD}</arg>
<arg>test_username</arg>
<doc>Types the given ``text`` into the text field identified by ``locator``.</doc>
<msg timestamp="20221024 14:50:36.669" level="INFO">Typing text 'test_username' into text field 'id:user-name'.</msg>
<status status="PASS" starttime="20221024 14:50:36.668" endtime="20221024 14:50:36.754"/>
</kw>
<kw name="Input Password" library="SeleniumLibrary">
<arg>${PASSWORD_FIELD}</arg>
<arg>${CORRECT_PASSWORD}</arg>
<doc>Types the given password into the text field identified by ``locator``.</doc>
<msg timestamp="20221024 14:50:36.755" level="INFO">Typing password into text field 'id:password'.</msg>
<msg timestamp="20221024 14:50:36.766" level="INFO">Temporally setting log level to: NONE</msg>
<msg timestamp="20221024 14:50:36.797" level="INFO">Log level changed from NONE to INFO.</msg>
<status status="PASS" starttime="20221024 14:50:36.754" endtime="20221024 14:50:36.797"/>
</kw>
<kw name="Click Element" library="SeleniumLibrary">
<arg>${LOGIN_BUTTON}</arg>
<doc>Click the element identified by ``locator``.</doc>
<msg timestamp="20221024 14:50:36.798" level="INFO">Clicking element 'id:login-button'.</msg>
<status status="PASS" starttime="20221024 14:50:36.797" endtime="20221024 14:50:37.052"/>
</kw>
<kw name="Element Should Be Visible" library="SeleniumLibrary">
<arg>${BLOCKED_ERROR}</arg>
<arg>timeout=5</arg>
<doc>Verifies that the element identified by ``locator`` is visible.</doc>
<msg timestamp="20221024 14:50:37.082" level="INFO">Element 'xpath:/html/body/div/div/div[2]/div[1]/div[1]/div/form/div[3]/h3' is displayed.</msg>
<status status="PASS" starttime="20221024 14:50:37.052" endtime="20221024 14:50:37.082"/>
</kw>
<kw name="Close Browser" library="SeleniumLibrary">
<doc>Closes the current browser.</doc>
<status status="PASS" starttime="20221024 14:50:37.083" endtime="20221024 14:50:37.683"/>
</kw>
<doc>This test case verifies that user is not able to successfully Login with wrong password</doc>
<status status="PASS" starttime="20221024 14:50:33.554" endtime="20221024 14:50:37.683"/>
</test>
<doc>Login page will work depending on the user credentials.</doc>
<status status="PASS" starttime="20221024 14:50:19.813" endtime="20221024 14:50:37.684"/>
</suite>
<statistics>
<total>
<stat pass="4" fail="0" skip="0">All Tests</stat>
</total>
<tag>
</tag>
<suite>
<stat pass="4" fail="0" skip="0" id="s1" name="Login">Login</stat>
</suite>
</statistics>
<errors>
</errors>
</robot>
